0 info it worked if it ends with ok
1 verbose cli [ 'C:\\Program Files (x86)\\nodejs\\\\node.exe',
1 verbose cli   'C:\\Program Files (x86)\\nodejs\\node_modules\\npm\\bin\\npm-cli.js',
1 verbose cli   'install',
1 verbose cli   'git://github.com/vladtitov/GrabOp.git',
1 verbose cli   '--save-dev' ]
2 info using npm@2.7.4
3 info using node@v0.12.2
4 verbose node symlink C:\Program Files (x86)\nodejs\\node.exe
5 silly cache add args [ 'git://github.com/vladtitov/GrabOp.git', null ]
6 verbose cache add spec git://github.com/vladtitov/GrabOp.git
7 silly cache add parsed spec { raw: 'git://github.com/vladtitov/GrabOp.git',
7 silly cache add   scope: null,
7 silly cache add   name: null,
7 silly cache add   rawSpec: 'git://github.com/vladtitov/GrabOp.git',
7 silly cache add   spec: 'git+ssh://git@github.com/vladtitov/GrabOp.git',
7 silly cache add   type: 'hosted',
7 silly cache add   hosted:
7 silly cache add    { type: 'github',
7 silly cache add      ssh: 'git@github.com:vladtitov/GrabOp.git',
7 silly cache add      sshUrl: 'git+ssh://git@github.com/vladtitov/GrabOp.git',
7 silly cache add      httpsUrl: 'https://github.com/vladtitov/GrabOp.git',
7 silly cache add      directUrl: 'https://raw.githubusercontent.com/vladtitov/GrabOp/master/package.json' } }
8 info maybeGithub Attempting git://github.com/vladtitov/GrabOp.git from git://github.com/vladtitov/GrabOp.git
9 verbose addRemoteGit git-github-com-vladtitov-GrabOp-git-3dd1e6cc not in flight; caching
10 info git [ 'config', '--get', 'remote.origin.url' ]
11 verbose addRemoteGit remote.origin.url: git://github.com/vladtitov/GrabOp.git
12 verbose addRemoteGit updating existing cached remote C:\Users\Vlad\AppData\Roaming\npm-cache\_git-remotes\git-github-com-vladtitov-GrabOp-git-3dd1e6cc
13 info git [ 'fetch', '-a', 'origin' ]
14 verbose addRemoteGit git fetch -a origin (git://github.com/vladtitov/GrabOp.git)
15 verbose addRemoteGit skipping chownr on Windows
16 verbose addRemoteGit original treeish: master
17 info git [ 'rev-list', '-n1', 'master' ]
18 silly addRemoteGit resolved treeish: abd54d7afd7af1db3314c88ecc21eeac365dbc2a
19 verbose addRemoteGit resolved Git URL: git://github.com/vladtitov/GrabOp.git#abd54d7afd7af1db3314c88ecc21eeac365dbc2a
20 silly addRemoteGit Git working directory: C:\Users\Vlad\AppData\Local\Temp\npm-6200-b3b16c1a\git-cache-b72fbf375678\abd54d7afd7af1db3314c88ecc21eeac365dbc2a
21 info git [ 'clone',
21 info git   'C:\\Users\\Vlad\\AppData\\Roaming\\npm-cache\\_git-remotes\\git-github-com-vladtitov-GrabOp-git-3dd1e6cc',
21 info git   'C:\\Users\\Vlad\\AppData\\Local\\Temp\\npm-6200-b3b16c1a\\git-cache-b72fbf375678\\abd54d7afd7af1db3314c88ecc21eeac365dbc2a' ]
22 verbose addRemoteGit clone Cloning into 'C:\Users\Vlad\AppData\Local\Temp\npm-6200-b3b16c1a\git-cache-b72fbf375678\abd54d7afd7af1db3314c88ecc21eeac365dbc2a'...
22 verbose addRemoteGit done.
23 info git [ 'checkout', 'abd54d7afd7af1db3314c88ecc21eeac365dbc2a' ]
24 verbose addRemoteGit checkout Note: checking out 'abd54d7afd7af1db3314c88ecc21eeac365dbc2a'.
24 verbose addRemoteGit
24 verbose addRemoteGit You are in 'detached HEAD' state. You can look around, make experimental
24 verbose addRemoteGit changes and commit them, and you can discard any commits you make in this
24 verbose addRemoteGit state without impacting any branches by performing another checkout.
24 verbose addRemoteGit
24 verbose addRemoteGit If you want to create a new branch to retain commits you create, you may
24 verbose addRemoteGit do so (now or later) by using -b with the checkout command again. Example:
24 verbose addRemoteGit
24 verbose addRemoteGit   git checkout -b <new-branch-name>
24 verbose addRemoteGit
24 verbose addRemoteGit HEAD is now at abd54d7... idea
25 error addLocal Could not install C:\Users\Vlad\AppData\Local\Temp\npm-6200-b3b16c1a\git-cache-b72fbf375678\abd54d7afd7af1db3314c88ecc21eeac365dbc2a
26 info maybeGithub Couldn't clone git://github.com/vladtitov/GrabOp.git
27 info maybeGithub Now attempting git://github.com/vladtitov/GrabOp.git from git@github.com:vladtitov/GrabOp.git
28 verbose addRemoteGit git-github-com-vladtitov-GrabOp-git-985bcf34 not in flight; caching
29 info git [ 'config', '--get', 'remote.origin.url' ]
30 error git -c core.longpaths=true config --get remote.origin.url
31 verbose addRemoteGit remote.origin.url:
32 warn addRemoteGit Error: Command failed: git -c core.longpaths=true config --get remote.origin.url
32 warn addRemoteGit
32 warn addRemoteGit     at ChildProcess.exithandler (child_process.js:751:12)
32 warn addRemoteGit     at ChildProcess.emit (events.js:110:17)
32 warn addRemoteGit     at maybeClose (child_process.js:1015:16)
32 warn addRemoteGit     at Process.ChildProcess._handle.onexit (child_process.js:1087:5)
32 warn addRemoteGit  resetting remote C:\Users\Vlad\AppData\Roaming\npm-cache\_git-remotes\git-github-com-vladtitov-GrabOp-git-985bcf34 because of error: { [Error: Command failed: git -c core.longpaths=true config --get remote.origin.url
32 warn addRemoteGit ]
32 warn addRemoteGit   killed: false,
32 warn addRemoteGit   code: 1,
32 warn addRemoteGit   signal: null,
32 warn addRemoteGit   cmd: 'git -c core.longpaths=true config --get remote.origin.url' }
33 info addRemoteGit resetting C:\Users\Vlad\AppData\Roaming\npm-cache\_git-remotes\git-github-com-vladtitov-GrabOp-git-985bcf34
34 silly gentlyRm C:\Users\Vlad\AppData\Roaming\npm-cache\_git-remotes\git-github-com-vladtitov-GrabOp-git-985bcf34 is being purged
35 verbose gentlyRm don't care about contents; nuking C:\Users\Vlad\AppData\Roaming\npm-cache\_git-remotes\git-github-com-vladtitov-GrabOp-git-985bcf34
36 silly vacuum-fs purging C:\Users\Vlad\AppData\Roaming\npm-cache\_git-remotes\git-github-com-vladtitov-GrabOp-git-985bcf34
37 silly vacuum-fs quitting because other entries in C:\Users\Vlad\AppData\Roaming\npm-cache\_git-remotes
38 info git [ 'clone',
38 info git   '--template=C:\\Users\\Vlad\\AppData\\Roaming\\npm-cache\\_git-remotes\\_templates',
38 info git   '--mirror',
38 info git   'git@github.com:vladtitov/GrabOp.git',
38 info git   'C:\\Users\\Vlad\\AppData\\Roaming\\npm-cache\\_git-remotes\\git-github-com-vladtitov-GrabOp-git-985bcf34' ]
39 error git -c core.longpaths=true clone --template=C:\Users\Vlad\AppData\Roaming\npm-cache\_git-remotes\_templates --mirror git@github.com:vladtitov/GrabOp.git C:\Users\Vlad\AppData\Roaming\npm-cache\_git-remotes\git-github-com-vladtitov-GrabOp-git-985bcf34
40 error git clone --template=C:\Users\Vlad\AppData\Roaming\npm-cache\_git-remotes\_templates --mirror git@github.com:vladtitov/GrabOp.git C:\Users\Vlad\AppData\Roaming\npm-cache\_git-remotes\git-github-com-vladtitov-GrabOp-git-985bcf34: Cloning into bare repository 'C:\Users\Vlad\AppData\Roaming\npm-cache\_git-remotes\git-github-com-vladtitov-GrabOp-git-985bcf34'...
40 error git clone --template=C:\Users\Vlad\AppData\Roaming\npm-cache\_git-remotes\_templates --mirror git@github.com:vladtitov/GrabOp.git C:\Users\Vlad\AppData\Roaming\npm-cache\_git-remotes\git-github-com-vladtitov-GrabOp-git-985bcf34: Host key verification failed.
40 error git clone --template=C:\Users\Vlad\AppData\Roaming\npm-cache\_git-remotes\_templates --mirror git@github.com:vladtitov/GrabOp.git C:\Users\Vlad\AppData\Roaming\npm-cache\_git-remotes\git-github-com-vladtitov-GrabOp-git-985bcf34: fatal: Could not read from remote repository.
40 error git clone --template=C:\Users\Vlad\AppData\Roaming\npm-cache\_git-remotes\_templates --mirror git@github.com:vladtitov/GrabOp.git C:\Users\Vlad\AppData\Roaming\npm-cache\_git-remotes\git-github-com-vladtitov-GrabOp-git-985bcf34:
40 error git clone --template=C:\Users\Vlad\AppData\Roaming\npm-cache\_git-remotes\_templates --mirror git@github.com:vladtitov/GrabOp.git C:\Users\Vlad\AppData\Roaming\npm-cache\_git-remotes\git-github-com-vladtitov-GrabOp-git-985bcf34: Please make sure you have the correct access rights
40 error git clone --template=C:\Users\Vlad\AppData\Roaming\npm-cache\_git-remotes\_templates --mirror git@github.com:vladtitov/GrabOp.git C:\Users\Vlad\AppData\Roaming\npm-cache\_git-remotes\git-github-com-vladtitov-GrabOp-git-985bcf34: and the repository exists.
41 verbose stack Error: Command failed: git -c core.longpaths=true clone --template=C:\Users\Vlad\AppData\Roaming\npm-cache\_git-remotes\_templates --mirror git@github.com:vladtitov/GrabOp.git C:\Users\Vlad\AppData\Roaming\npm-cache\_git-remotes\git-github-com-vladtitov-GrabOp-git-985bcf34
41 verbose stack Cloning into bare repository 'C:\Users\Vlad\AppData\Roaming\npm-cache\_git-remotes\git-github-com-vladtitov-GrabOp-git-985bcf34'...
41 verbose stack Host key verification failed.
41 verbose stack fatal: Could not read from remote repository.
41 verbose stack
41 verbose stack Please make sure you have the correct access rights
41 verbose stack and the repository exists.
41 verbose stack
41 verbose stack     at ChildProcess.exithandler (child_process.js:751:12)
41 verbose stack     at ChildProcess.emit (events.js:110:17)
41 verbose stack     at maybeClose (child_process.js:1015:16)
41 verbose stack     at Process.ChildProcess._handle.onexit (child_process.js:1087:5)
42 verbose cwd C:\wamp\www\GitHub\Login
43 error Windows_NT 6.3.9600
44 error argv "C:\\Program Files (x86)\\nodejs\\\\node.exe" "C:\\Program Files (x86)\\nodejs\\node_modules\\npm\\bin\\npm-cli.js" "install" "git://github.com/vladtitov/GrabOp.git" "--save-dev"
45 error node v0.12.2
46 error npm  v2.7.4
47 error code 128
48 error Command failed: git -c core.longpaths=true clone --template=C:\Users\Vlad\AppData\Roaming\npm-cache\_git-remotes\_templates --mirror git@github.com:vladtitov/GrabOp.git C:\Users\Vlad\AppData\Roaming\npm-cache\_git-remotes\git-github-com-vladtitov-GrabOp-git-985bcf34
48 error Cloning into bare repository 'C:\Users\Vlad\AppData\Roaming\npm-cache\_git-remotes\git-github-com-vladtitov-GrabOp-git-985bcf34'...
48 error Host key verification failed.
48 error fatal: Could not read from remote repository.
48 error
48 error Please make sure you have the correct access rights
48 error and the repository exists.
49 error If you need help, you may report this error at:
49 error     <https://github.com/npm/npm/issues>
50 verbose exit [ 1, true ]
